<?xml version="1.0" encoding="UTF-8"?>
<!-- Generated by org.testng.reporters.JUnitXMLReporter -->
<testsuite ignored="0" hostname="inbl01lap7182" failures="0" tests="4" name="Test" time="14.152" errors="0" timestamp="19 Feb 2022 12:56:04 GMT">
  <testcase classname="PageObjectTestcases.TC_001_Launch" name="validateTitle" time="1.247"/>
  <testcase classname="PageObjectTestcases.TC_002_Login" name="validateLogin" time="0.758"/>
  <testcase classname="PageObjectTestcases.TC_003_Delete" name="validateDelete" time="3.56"/>
  <testcase classname="PageObjectTestcases.TC_004_Edit" name="validateEdit" time="2.017"/>
</testsuite> <!-- Test -->
