<?xml version="1.0" encoding="UTF-8"?>
<testng-results ignored="0" total="1" passed="1" failed="0" skipped="0">
  <reporter-output>
  </reporter-output>
  <suite started-at="2022-02-19T13:47:26Z" name="Suite" finished-at="2022-02-19T13:47:26Z" duration-ms="247">
    <groups>
    </groups>
    <test started-at="2022-02-19T13:47:26Z" name="Test" finished-at="2022-02-19T13:47:26Z" duration-ms="247">
      <class name="SqlQuery.EmployeeTable">
        <test-method is-config="true" signature="setUp()[pri:0, instance:SqlQuery.EmployeeTable@545b995e]" started-at="2022-02-19T13:47:26Z" name="setUp" finished-at="2022-02-19T13:47:26Z" duration-ms="212" status="PASS">
          <reporter-output>
          </reporter-output>
        </test-method> <!-- setUp -->
        <test-method signature="test()[pri:0, instance:SqlQuery.EmployeeTable@545b995e]" started-at="2022-02-19T13:47:26Z" name="test" finished-at="2022-02-19T13:47:26Z" duration-ms="24" status="PASS">
          <reporter-output>
          </reporter-output>
        </test-method> <!-- test -->
        <test-method is-config="true" signature="tearDown()[pri:0, instance:SqlQuery.EmployeeTable@545b995e]" started-at="2022-02-19T13:47:26Z" name="tearDown" finished-at="2022-02-19T13:47:26Z" duration-ms="1" status="PASS">
          <reporter-output>
          </reporter-output>
        </test-method> <!-- tearDown -->
      </class> <!-- SqlQuery.EmployeeTable -->
    </test> <!-- Test -->
  </suite> <!-- Suite -->
</testng-results>
